2025-03-23T08:02:28.088Z [INFO]: User yash@example.com authenticated successfully
2025-03-23T08:02:31.675Z [INFO]: User yash@example.com authenticated successfully
2025-03-23T08:06:47.452Z [INFO]: User yash@example.com authenticated successfully
2025-03-23T08:07:30.545Z [INFO]: User yash@example.com authenticated successfully
2025-03-23T08:08:07.084Z [INFO]: User yash@example.com authenticated successfully
2025-03-23T08:08:23.997Z [INFO]: User yash@example.com authenticated successfully
2025-03-23T08:09:09.777Z [INFO]: User yash@example.com authenticated successfully
2025-03-23T08:11:03.433Z [INFO]: User yash@example.com authenticated successfully
2025-03-23T08:18:27.180Z [INFO]: User yash@example.com authenticated successfully
2025-03-23T08:19:33.151Z [INFO]: User yash@example.com authenticated successfully
2025-03-23T10:00:39.374Z [INFO]: User yash@example.com authenticated successfully
2025-03-23T10:01:05.785Z [INFO]: User yash@example.com authenticated successfully
2025-03-23T10:01:26.115Z [INFO]: User yash@example.com authenticated successfully
2025-03-23T10:03:15.123Z [INFO]: User yash@example.com authenticated successfully
2025-03-23T10:04:09.788Z [INFO]: User yash@example.com authenticated successfully
2025-03-23T10:08:28.212Z [INFO]: User yash@example.com authenticated successfully
2025-03-23T10:09:16.408Z [INFO]: User yash@example.com authenticated successfully
2025-03-23T10:09:24.448Z [INFO]: User yash@example.com authenticated successfully
2025-03-23T10:09:47.514Z [INFO]: User yash@example.com authenticated successfully
2025-03-23T10:13:00.625Z [INFO]: User yash@example.com authenticated successfully
2025-03-23T10:13:36.739Z [INFO]: User yash@example.com authenticated successfully
2025-03-23T10:14:27.163Z [INFO]: User yash@example.com authenticated successfully
2025-03-23T10:14:58.981Z [INFO]: User yash@example.com authenticated successfully
2025-03-23T10:15:12.544Z [INFO]: User yash@example.com authenticated successfully
2025-03-23T10:16:10.617Z [INFO]: User yash@example.com authenticated successfully
2025-03-23T10:16:46.306Z [INFO]: User yash@example.com authenticated successfully
2025-03-23T10:16:56.731Z [INFO]: User yash@example.com authenticated successfully
2025-03-23T10:21:24.033Z [INFO]: User yash@example.com authenticated successfully
2025-03-23T10:28:47.068Z [INFO]: User rajui@gmail.com authenticated successfully
2025-03-23T10:28:59.619Z [INFO]: User rajui@gmail.com authenticated successfully
2025-03-23T10:31:31.995Z [INFO]: User rajui@gmail.com authenticated successfully
2025-03-23T10:32:27.819Z [INFO]: User rajui@gmail.com authenticated successfully
2025-03-23T10:33:58.061Z [INFO]: User rajui@gmail.com authenticated successfully
2025-03-23T10:34:48.055Z [INFO]: User rajui@gmail.com authenticated successfully
2025-03-23T10:37:37.558Z [INFO]: User rajui@gmail.com authenticated successfully
2025-03-23T10:43:41.140Z [INFO]: User rajui@gmail.com authenticated successfully
2025-03-23T10:44:37.181Z [INFO]: User rajui@gmail.com authenticated successfully
2025-03-23T10:44:50.561Z [INFO]: User rajui@gmail.com authenticated successfully
2025-03-23T10:45:48.885Z [INFO]: User rajui@gmail.com authenticated successfully
2025-03-23T10:46:11.532Z [INFO]: User rajui@gmail.com authenticated successfully
2025-03-23T10:47:10.491Z [INFO]: User rajui@gmail.com authenticated successfully
2025-03-23T10:47:46.130Z [INFO]: User rajui@gmail.com authenticated successfully
2025-03-23T10:59:32.213Z [INFO]: User rajui@gmail.com authenticated successfully
2025-03-23T11:00:51.202Z [INFO]: User rajui@gmail.com authenticated successfully
2025-03-23T11:01:01.790Z [INFO]: User rajui@gmail.com authenticated successfully
2025-03-23T11:02:29.225Z [INFO]: User rajui@gmail.com authenticated successfully
2025-03-23T11:02:52.059Z [INFO]: User rajui@gmail.com authenticated successfully
2025-03-23T11:03:00.963Z [INFO]: User rajui@gmail.com authenticated successfully
2025-03-23T11:03:46.261Z [INFO]: User rajui@gmail.com authenticated successfully
2025-03-23T11:03:58.448Z [INFO]: User rajui@gmail.com authenticated successfully
2025-03-23T11:07:04.732Z [ERROR]: Error: Unexpected end of JSON input | Stack: SyntaxError: Unexpected end of JSON input
    at JSON.parse (<anonymous>)
    at createStrictSyntaxError (/home/yash/Documents/billing-system/node_modules/body-parser/lib/types/json.js:169:10)
    at parse (/home/yash/Documents/billing-system/node_modules/body-parser/lib/types/json.js:86:15)
    at /home/yash/Documents/billing-system/node_modules/body-parser/lib/read.js:128:18
    at AsyncResource.runInAsyncScope (node:async_hooks:211:14)
    at invokeCallback (/home/yash/Documents/billing-system/node_modules/raw-body/index.js:238:16)
    at done (/home/yash/Documents/billing-system/node_modules/raw-body/index.js:227:7)
    at IncomingMessage.onEnd (/home/yash/Documents/billing-system/node_modules/raw-body/index.js:287:7)
    at IncomingMessage.emit (node:events:507:28)
    at IncomingMessage.emit (node:domain:489:12)
2025-03-23T11:07:40.165Z [INFO]: User yash@example.com authenticated successfully
2025-03-23T11:10:47.507Z [INFO]: User yash@example.com authenticated successfully
2025-03-23T11:11:06.933Z [INFO]: User yash@example.com authenticated successfully
2025-03-23T11:11:38.208Z [INFO]: User yash@example.com authenticated successfully
2025-03-23T11:12:33.945Z [INFO]: User yash@example.com authenticated successfully
2025-03-23T11:17:07.199Z [INFO]: User yash@example.com authenticated successfully
2025-03-23T11:18:15.607Z [INFO]: User yash@example.com authenticated successfully
2025-03-23T11:22:58.836Z [ERROR]: Error: Expected double-quoted property name in JSON at position 63 (line 4 column 1) | Stack: SyntaxError: Expected double-quoted property name in JSON at position 63 (line 4 column 1)
    at JSON.parse (<anonymous>)
    at parse (/home/yash/Documents/billing-system/node_modules/body-parser/lib/types/json.js:92:19)
    at /home/yash/Documents/billing-system/node_modules/body-parser/lib/read.js:128:18
    at AsyncResource.runInAsyncScope (node:async_hooks:211:14)
    at invokeCallback (/home/yash/Documents/billing-system/node_modules/raw-body/index.js:238:16)
    at done (/home/yash/Documents/billing-system/node_modules/raw-body/index.js:227:7)
    at IncomingMessage.onEnd (/home/yash/Documents/billing-system/node_modules/raw-body/index.js:287:7)
    at IncomingMessage.emit (node:events:507:28)
    at IncomingMessage.emit (node:domain:489:12)
    at endReadableNT (node:internal/streams/readable:1696:12)
2025-03-23T11:23:40.278Z [INFO]: User yash@example.com authenticated successfully
2025-03-23T11:24:17.931Z [ERROR]: Error: Unexpected end of JSON input | Stack: SyntaxError: Unexpected end of JSON input
    at JSON.parse (<anonymous>)
    at createStrictSyntaxError (/home/yash/Documents/billing-system/node_modules/body-parser/lib/types/json.js:169:10)
    at parse (/home/yash/Documents/billing-system/node_modules/body-parser/lib/types/json.js:86:15)
    at /home/yash/Documents/billing-system/node_modules/body-parser/lib/read.js:128:18
    at AsyncResource.runInAsyncScope (node:async_hooks:211:14)
    at invokeCallback (/home/yash/Documents/billing-system/node_modules/raw-body/index.js:238:16)
    at done (/home/yash/Documents/billing-system/node_modules/raw-body/index.js:227:7)
    at IncomingMessage.onEnd (/home/yash/Documents/billing-system/node_modules/raw-body/index.js:287:7)
    at IncomingMessage.emit (node:events:507:28)
    at IncomingMessage.emit (node:domain:489:12)
2025-03-23T11:28:25.455Z [INFO]: User yash2@example.com authenticated successfully
2025-03-23T11:29:26.606Z [INFO]: User yash2@example.com authenticated successfully
2025-03-23T11:30:47.831Z [INFO]: User yash2@example.com authenticated successfully
2025-03-23T11:31:08.901Z [INFO]: User yash2@example.com authenticated successfully
2025-03-23T11:34:49.748Z [INFO]: User yash2@example.com authenticated successfully
2025-03-23T11:35:05.943Z [INFO]: User yash2@example.com authenticated successfully
2025-03-23T11:40:51.503Z [INFO]: User yash2@example.com authenticated successfully
2025-03-23T11:43:09.739Z [INFO]: User yash2@example.com authenticated successfully
2025-03-23T11:45:39.647Z [INFO]: User yash2@example.com authenticated successfully
2025-03-23T11:47:01.174Z [INFO]: User yash2@example.com authenticated successfully
2025-03-23T11:47:25.215Z [INFO]: User yash2@example.com authenticated successfully
2025-03-23T11:48:09.358Z [INFO]: User yash2@example.com authenticated successfully
2025-03-23T11:50:18.814Z [INFO]: User yash2@example.com authenticated successfully
2025-03-23T11:51:25.750Z [INFO]: User yash2@example.com authenticated successfully
2025-03-23T11:51:44.362Z [INFO]: User yash2@example.com authenticated successfully
2025-03-24T08:43:08.419Z [WARN]: Unauthorized access attempt from IP: ::1
2025-03-24T08:52:06.488Z [WARN]: Unauthorized access attempt from IP: ::1
2025-03-24T08:52:55.471Z [INFO]: User chinmay@example.com authenticated successfully
2025-03-24T08:57:23.748Z [INFO]: User chinmay@example.com authenticated successfully
2025-03-24T09:04:51.359Z [INFO]: User Ashish@example.com authenticated successfully
2025-03-24T09:07:28.423Z [INFO]: User Ashish@example.com authenticated successfully
2025-03-24T09:10:42.750Z [INFO]: User Ashish@example.com authenticated successfully
2025-03-24T09:13:30.419Z [INFO]: User Ashish@example.com authenticated successfully
2025-03-24T09:14:58.459Z [WARN]: Unauthorized access attempt from IP: ::1
2025-03-24T09:16:08.327Z [INFO]: User Ashish@example.com authenticated successfully
2025-03-24T09:17:42.784Z [INFO]: User Ashish@example.com authenticated successfully
2025-03-24T09:18:22.435Z [INFO]: User Ashish@example.com authenticated successfully
2025-03-24T09:21:02.817Z [INFO]: User Ashish@example.com authenticated successfully
2025-03-24T09:23:06.479Z [INFO]: User Ashish@example.com authenticated successfully
2025-03-24T09:24:39.242Z [INFO]: User Ashish@example.com authenticated successfully
2025-03-24T09:25:29.144Z [INFO]: User Ashish@example.com authenticated successfully
2025-03-24T09:28:36.256Z [INFO]: User Ashish@example.com authenticated successfully
2025-03-24T09:30:22.713Z [INFO]: User Ashish@example.com authenticated successfully
2025-03-24T09:31:59.517Z [INFO]: User Ashish@example.com authenticated successfully
2025-03-24T09:33:11.205Z [INFO]: User Ashish@example.com authenticated successfully
2025-03-24T09:33:17.162Z [INFO]: User Ashish@example.com authenticated successfully
2025-03-24T09:34:18.820Z [INFO]: User Ashish@example.com authenticated successfully
2025-03-24T09:36:11.013Z [INFO]: User Ashish@example.com authenticated successfully
2025-03-24T09:37:43.836Z [INFO]: User Ashish@example.com authenticated successfully
2025-03-24T09:38:41.467Z [INFO]: User Ashish@example.com authenticated successfully
2025-03-24T10:25:41.305Z [WARN]: Unauthorized access attempt from IP: ::1
2025-03-24T10:26:28.890Z [INFO]: User chinmay@example.com authenticated successfully
2025-03-24T10:27:16.301Z [INFO]: User chinmay@example.com authenticated successfully
2025-03-24T11:44:38.114Z [WARN]: Unauthorized access attempt from IP: ::1
2025-03-24T11:46:46.953Z [INFO]: User chinmay@example.com authenticated successfully
2025-03-24T11:47:39.877Z [INFO]: User chinmay@example.com authenticated successfully
2025-03-24T11:52:35.467Z [INFO]: User chinmay@example.com authenticated successfully
2025-03-24T11:53:24.402Z [INFO]: User chinmay@example.com authenticated successfully
2025-03-24T11:57:40.025Z [INFO]: User chinmay@example.com authenticated successfully
2025-03-24T12:08:59.408Z [INFO]: User chinmay@example.com authenticated successfully
2025-03-24T12:09:11.130Z [INFO]: User chinmay@example.com authenticated successfully
2025-03-24T12:39:31.651Z [INFO]: User chinmay@example.com authenticated successfully
2025-03-24T12:40:32.155Z [INFO]: User chinmay@example.com authenticated successfully
2025-03-24T12:54:14.576Z [INFO]: User chinmay@example.com authenticated successfully
2025-03-24T12:58:02.132Z [INFO]: User chinmay@example.com authenticated successfully
2025-03-24T13:04:52.852Z [WARN]: Unauthorized access attempt from IP: ::1
2025-03-24T13:06:29.408Z [INFO]: User chinmay@example.com authenticated successfully
2025-03-24T13:20:48.927Z [INFO]: User chinmay@example.com authenticated successfully
2025-03-24T13:49:04.733Z [WARN]: Unauthorized access attempt from IP: ::1
2025-03-24T13:49:38.677Z [INFO]: User chinmay@example.com authenticated successfully
2025-03-24T13:50:45.719Z [INFO]: User chinmay@example.com authenticated successfully
2025-03-24T13:51:09.397Z [INFO]: User chinmay@example.com authenticated successfully
2025-03-24T13:52:33.403Z [INFO]: User chinmay@example.com authenticated successfully
2025-03-24T13:53:01.403Z [INFO]: User chinmay@example.com authenticated successfully
2025-03-24T13:58:32.939Z [INFO]: User chinmay@example.com authenticated successfully
2025-03-24T14:34:05.766Z [INFO]: User chinmay@example.com authenticated successfully
2025-03-24T14:39:21.121Z [INFO]: User chinmay@example.com authenticated successfully
2025-03-24T14:41:04.259Z [INFO]: User chinmay@example.com authenticated successfully
2025-03-24T14:46:05.280Z [INFO]: User chinmay@example.com authenticated successfully
2025-03-24T14:47:54.399Z [INFO]: User chinmay@example.com authenticated successfully
2025-03-24T14:48:57.278Z [INFO]: User chinmay@example.com authenticated successfully
2025-03-24T15:50:00.188Z [INFO]: User chinmay@example.com authenticated successfully
2025-03-24T17:19:15.027Z [INFO]: User chinmay@example.com authenticated successfully
2025-03-24T17:20:06.343Z [INFO]: User chinmay@example.com authenticated successfully
2025-03-25T03:19:54.211Z [INFO]: User chinmay@example.com authenticated successfully
2025-03-25T03:34:08.091Z [INFO]: User chinmay@example.com authenticated successfully
2025-03-25T03:36:17.141Z [INFO]: User chinmay@example.com authenticated successfully
2025-03-25T03:39:07.161Z [INFO]: User chinmay@example.com authenticated successfully
2025-03-25T03:43:17.540Z [INFO]: User chinmay@example.com authenticated successfully
2025-03-25T03:52:24.793Z [INFO]: User chinmay@example.com authenticated successfully
2025-03-25T03:58:43.124Z [INFO]: User chinmay@example.com authenticated successfully
2025-03-25T04:15:06.108Z [INFO]: User chinmay@example.com authenticated successfully
2025-03-25T04:19:06.585Z [INFO]: User chinmay@example.com authenticated successfully
2025-03-25T04:21:12.900Z [INFO]: User chinmay@example.com authenticated successfully
2025-03-25T04:23:17.785Z [INFO]: User chinmay@example.com authenticated successfully
2025-03-25T04:27:14.092Z [WARN]: Unauthorized access attempt from IP: ::1
2025-03-25T04:27:36.720Z [WARN]: Unauthorized access attempt from IP: ::1
2025-03-25T04:28:04.480Z [INFO]: User chinmay@example.com authenticated successfully
2025-03-25T04:29:02.160Z [INFO]: User chinmay@example.com authenticated successfully
2025-03-25T04:34:58.819Z [INFO]: User chinmay@example.com authenticated successfully
2025-03-25T04:37:46.243Z [INFO]: User chinmay@example.com authenticated successfully
2025-03-25T04:41:08.119Z [INFO]: User chinmay@example.com authenticated successfully
2025-03-25T05:25:37.199Z [INFO]: User chinmay@example.com authenticated successfully
2025-03-25T05:26:17.137Z [INFO]: User chinmay@example.com authenticated successfully
2025-03-25T05:29:22.416Z [WARN]: Unauthorized access attempt from IP: ::1
2025-03-25T05:29:44.418Z [INFO]: User chinmay@example.com authenticated successfully
2025-03-25T06:05:26.425Z [INFO]: User chinmay@example.com authenticated successfully
2025-03-25T06:07:28.736Z [INFO]: User chinmay@example.com authenticated successfully
2025-03-25T06:08:45.374Z [INFO]: User chinmay@example.com authenticated successfully
2025-03-25T06:09:38.794Z [INFO]: User chinmay@example.com authenticated successfully
2025-03-25T06:09:51.714Z [INFO]: User chinmay@example.com authenticated successfully
2025-03-25T06:11:08.126Z [INFO]: User chinmay@example.com authenticated successfully
2025-03-25T06:12:44.181Z [INFO]: User chinmay@example.com authenticated successfully
2025-03-25T06:13:41.148Z [INFO]: User chinmay@example.com authenticated successfully
2025-03-25T06:14:19.568Z [INFO]: User chinmay@example.com authenticated successfully
2025-03-25T06:25:43.395Z [INFO]: User chinmay@example.com authenticated successfully
2025-03-25T06:25:59.694Z [INFO]: User chinmay@example.com authenticated successfully
2025-03-25T06:26:42.528Z [INFO]: User chinmay@example.com authenticated successfully
2025-03-25T06:28:48.794Z [INFO]: User chinmay@example.com authenticated successfully
2025-03-25T06:33:08.283Z [WARN]: Unauthorized access attempt from IP: ::1
2025-03-25T06:33:42.799Z [INFO]: User chinmay@example.com authenticated successfully
2025-03-25T06:34:20.815Z [INFO]: User chinmay@example.com authenticated successfully
2025-03-25T06:35:24.498Z [INFO]: User chinmay@example.com authenticated successfully
2025-03-25T08:58:26.181Z [INFO]: User chinmay@example.com authenticated successfully
2025-03-25T09:00:05.061Z [WARN]: Unauthorized access attempt from IP: ::1
2025-03-25T10:03:31.207Z [WARN]: Unauthorized access attempt from IP: ::1
2025-03-25T10:04:34.237Z [INFO]: User chinmay@example.com authenticated successfully
2025-03-25T10:07:28.549Z [WARN]: Unauthorized access attempt from IP: ::1
2025-03-25T10:08:17.021Z [INFO]: User chinmay@example.com authenticated successfully
2025-03-25T10:13:53.511Z [INFO]: User chinmay@example.com authenticated successfully
2025-03-25T10:14:20.808Z [INFO]: User chinmay@example.com authenticated successfully
2025-03-25T10:15:29.968Z [INFO]: User chinmay@example.com authenticated successfully
2025-03-25T10:16:18.064Z [INFO]: User chinmay@example.com authenticated successfully
2025-03-25T10:20:49.822Z [INFO]: User chinmay@example.com authenticated successfully
2025-03-25T10:23:07.908Z [INFO]: User chinmay@example.com authenticated successfully
2025-03-25T10:26:40.696Z [INFO]: User chinmay@example.com authenticated successfully
2025-03-25T10:28:59.744Z [INFO]: User chinmay@example.com authenticated successfully
2025-03-25T10:30:56.466Z [INFO]: User chinmay@example.com authenticated successfully
2025-03-25T10:31:47.748Z [INFO]: User chinmay@example.com authenticated successfully
2025-03-25T10:34:31.844Z [INFO]: User chinmay@example.com authenticated successfully
2025-03-25T10:34:41.831Z [INFO]: User chinmay@example.com authenticated successfully
2025-03-25T10:35:06.229Z [INFO]: User chinmay@example.com authenticated successfully
2025-03-25T10:35:46.644Z [INFO]: User chinmay@example.com authenticated successfully
2025-03-25T10:36:10.071Z [INFO]: User chinmay@example.com authenticated successfully
2025-03-25T10:37:03.293Z [INFO]: User chinmay@example.com authenticated successfully
2025-03-25T10:37:27.043Z [INFO]: User chinmay@example.com authenticated successfully
2025-03-25T10:37:49.222Z [INFO]: User chinmay@example.com authenticated successfully
2025-03-25T10:38:43.203Z [INFO]: User chinmay@example.com authenticated successfully
2025-03-25T10:39:34.624Z [INFO]: User chinmay@example.com authenticated successfully
2025-03-25T10:40:16.876Z [INFO]: User chinmay@example.com authenticated successfully
2025-03-25T10:40:53.200Z [INFO]: User chinmay@example.com authenticated successfully
2025-03-25T10:41:07.636Z [INFO]: User chinmay@example.com authenticated successfully
2025-03-25T10:42:26.263Z [INFO]: User chinmay@example.com authenticated successfully
2025-03-25T10:43:19.464Z [INFO]: User chinmay@example.com authenticated successfully
2025-03-25T11:01:17.131Z [WARN]: Unauthorized access attempt from IP: ::1
2025-03-25T11:01:22.773Z [INFO]: User chinmay@example.com authenticated successfully
2025-03-25T11:01:26.996Z [INFO]: User chinmay@example.com authenticated successfully
2025-03-25T11:01:28.218Z [INFO]: User chinmay@example.com authenticated successfully
2025-03-25T11:01:30.926Z [INFO]: User chinmay@example.com authenticated successfully
