2025-03-23T11:07:04.732Z [ERROR]: Error: Unexpected end of JSON input | Stack: SyntaxError: Unexpected end of JSON input
    at JSON.parse (<anonymous>)
    at createStrictSyntaxError (/home/yash/Documents/billing-system/node_modules/body-parser/lib/types/json.js:169:10)
    at parse (/home/yash/Documents/billing-system/node_modules/body-parser/lib/types/json.js:86:15)
    at /home/yash/Documents/billing-system/node_modules/body-parser/lib/read.js:128:18
    at AsyncResource.runInAsyncScope (node:async_hooks:211:14)
    at invokeCallback (/home/yash/Documents/billing-system/node_modules/raw-body/index.js:238:16)
    at done (/home/yash/Documents/billing-system/node_modules/raw-body/index.js:227:7)
    at IncomingMessage.onEnd (/home/yash/Documents/billing-system/node_modules/raw-body/index.js:287:7)
    at IncomingMessage.emit (node:events:507:28)
    at IncomingMessage.emit (node:domain:489:12)
2025-03-23T11:22:58.836Z [ERROR]: Error: Expected double-quoted property name in JSON at position 63 (line 4 column 1) | Stack: SyntaxError: Expected double-quoted property name in JSON at position 63 (line 4 column 1)
    at JSON.parse (<anonymous>)
    at parse (/home/yash/Documents/billing-system/node_modules/body-parser/lib/types/json.js:92:19)
    at /home/yash/Documents/billing-system/node_modules/body-parser/lib/read.js:128:18
    at AsyncResource.runInAsyncScope (node:async_hooks:211:14)
    at invokeCallback (/home/yash/Documents/billing-system/node_modules/raw-body/index.js:238:16)
    at done (/home/yash/Documents/billing-system/node_modules/raw-body/index.js:227:7)
    at IncomingMessage.onEnd (/home/yash/Documents/billing-system/node_modules/raw-body/index.js:287:7)
    at IncomingMessage.emit (node:events:507:28)
    at IncomingMessage.emit (node:domain:489:12)
    at endReadableNT (node:internal/streams/readable:1696:12)
2025-03-23T11:24:17.931Z [ERROR]: Error: Unexpected end of JSON input | Stack: SyntaxError: Unexpected end of JSON input
    at JSON.parse (<anonymous>)
    at createStrictSyntaxError (/home/yash/Documents/billing-system/node_modules/body-parser/lib/types/json.js:169:10)
    at parse (/home/yash/Documents/billing-system/node_modules/body-parser/lib/types/json.js:86:15)
    at /home/yash/Documents/billing-system/node_modules/body-parser/lib/read.js:128:18
    at AsyncResource.runInAsyncScope (node:async_hooks:211:14)
    at invokeCallback (/home/yash/Documents/billing-system/node_modules/raw-body/index.js:238:16)
    at done (/home/yash/Documents/billing-system/node_modules/raw-body/index.js:227:7)
    at IncomingMessage.onEnd (/home/yash/Documents/billing-system/node_modules/raw-body/index.js:287:7)
    at IncomingMessage.emit (node:events:507:28)
    at IncomingMessage.emit (node:domain:489:12)
